Added Pin To Net: NetName=NetQ2_1 Pin=Q2-1
Added Pin To Net: NetName=GND Pin=Q2-2
Added Pin To Net: NetName=NetQ2_3 Pin=Q2-3
Added Pin To Net: NetName=NetQ2_3 Pin=Q5-1
Added Pin To Net: NetName=NetQ5_2 Pin=Q5-2
Added Pin To Net: NetName=VCC Pin=Q5-3
Added Pin To Net: NetName=NetQ2_3 Pin=Q6-1
Added Pin To Net: NetName=NetQ5_2 Pin=Q6-2
Added Pin To Net: NetName=GND Pin=Q6-3
Added Pin To Net: NetName=GND Pin=Q8-3
Added Pin To Net: NetName=GND Pin=Q10-3
Added Pin To Net: NetName=GND Pin=Q24-3
Added Pin To Net: NetName=GND Pin=Q26-3
Added Pin To Net: NetName=NetR2_1 Pin=R2-1
Added Pin To Net: NetName=NetQ2_1 Pin=R2-2
Added Pin To Net: NetName=GND Pin=R4-1
Added Pin To Net: NetName=NetQ2_1 Pin=R4-2
Added Pin To Net: NetName=VCC Pin=R6-1
Added Pin To Net: NetName=NetQ2_3 Pin=R6-2
Added Pin To Net: NetName=NetQ5_2 Pin=R7-1
Added Pin To Net: NetName=NetQ8_1 Pin=R7-2
