Added Pin To Net: NetName=GND Pin=C5-1
Added Pin To Net: NetName=NetC5_2 Pin=C5-2
Added Pin To Net: NetName=GND Pin=C6-1
Added Pin To Net: NetName=NetC6_2 Pin=C6-2
Added Pin To Net: NetName=NetD13_1 Pin=D13-1
Added Pin To Net: NetName=NetD13_2 Pin=D13-2
Added Pin To Net: NetName=NetD14_1 Pin=D14-1
Added Pin To Net: NetName=NetD13_1 Pin=D14-2
Added Pin To Net: NetName=NetS1_2 Pin=IC1-1
Added Pin To Net: NetName=NetIC1_2 Pin=IC1-2
Added Pin To Net: NetName=NetR17_2 Pin=IC1-3
Added Pin To Net: NetName=NetS1_2 Pin=IC1-4
Added Pin To Net: NetName=NetS2_2 Pin=IC1-5
Added Pin To Net: NetName=NetR2_1 Pin=IC1-6
Added Pin To Net: NetName=GND Pin=IC1-7
Added Pin To Net: NetName=NetR34_2 Pin=IC1-8
Added Pin To Net: NetName=NetS3_2 Pin=IC1-9
Added Pin To Net: NetName=NetIC1_10 Pin=IC1-10
Added Pin To Net: NetName=NetR19_1 Pin=IC1-11
Added Pin To Net: NetName=NetS3_2 Pin=IC1-12
Added Pin To Net: NetName=NetS4_2 Pin=IC1-13
Added Pin To Net: NetName=VCC Pin=IC1-14
Added Pin To Net: NetName=NetS2_2 Pin=IC2-1
Added Pin To Net: NetName=NetIC1_2 Pin=IC2-2
Added Pin To Net: NetName=NetR17_2 Pin=IC2-3
Added Pin To Net: NetName=NetR1_1 Pin=IC2-4
Added Pin To Net: NetName=NetR2_1 Pin=IC2-5
Added Pin To Net: NetName=NetR16_2 Pin=IC2-6
Added Pin To Net: NetName=GND Pin=IC2-7
Added Pin To Net: NetName=NetR33_2 Pin=IC2-8
Added Pin To Net: NetName=NetR19_1 Pin=IC2-9
Added Pin To Net: NetName=NetR18_1 Pin=IC2-10
Added Pin To Net: NetName=NetR34_2 Pin=IC2-11
Added Pin To Net: NetName=NetIC1_10 Pin=IC2-12
Added Pin To Net: NetName=NetS4_2 Pin=IC2-13
Added Pin To Net: NetName=VCC Pin=IC2-14
Added Pin To Net: NetName=GND Pin=IC3-1
Added Pin To Net: NetName=NetC5_2 Pin=IC3-2
Added Pin To Net: NetName=NetS1_1 Pin=IC3-3
Added Pin To Net: NetName=5V Pin=IC3-4
Added Pin To Net: NetName=NetC6_2 Pin=IC3-5
Added Pin To Net: NetName=NetC5_2 Pin=IC3-6
Added Pin To Net: NetName=NetD13_1 Pin=IC3-7
Added Pin To Net: NetName=5V Pin=IC3-8
Added Pin To Net: NetName=NetQ1_1 Pin=Q1-1
Added Pin To Net: NetName=GND Pin=Q1-2
Added Pin To Net: NetName=NetQ1_3 Pin=Q1-3
Added Pin To Net: NetName=NetQ1_3 Pin=Q3-1
Added Pin To Net: NetName=NetQ3_2 Pin=Q3-2
Added Pin To Net: NetName=VCC Pin=Q3-3
Added Pin To Net: NetName=NetQ1_3 Pin=Q4-1
Added Pin To Net: NetName=NetQ3_2 Pin=Q4-2
Added Pin To Net: NetName=GND Pin=Q4-3
Added Pin To Net: NetName=GND Pin=Q8-3
Added Pin To Net: NetName=GND Pin=Q10-3
Added Pin To Net: NetName=NetQ11_1 Pin=Q11-1
Added Pin To Net: NetName=NetQ11_2 Pin=Q11-2
Added Pin To Net: NetName=GND Pin=Q11-3
Added Pin To Net: NetName=NetQ11_1 Pin=Q13-1
Added Pin To Net: NetName=NetQ11_2 Pin=Q13-2
Added Pin To Net: NetName=VCC Pin=Q13-3
Added Pin To Net: NetName=NetQ15_1 Pin=Q15-1
Added Pin To Net: NetName=GND Pin=Q15-2
Added Pin To Net: NetName=NetQ11_1 Pin=Q15-3
Added Pin To Net: NetName=NetQ17_1 Pin=Q17-1
Added Pin To Net: NetName=GND Pin=Q17-2
Added Pin To Net: NetName=NetQ17_3 Pin=Q17-3
Added Pin To Net: NetName=NetQ17_3 Pin=Q19-1
Added Pin To Net: NetName=NetQ19_2 Pin=Q19-2
Added Pin To Net: NetName=VCC Pin=Q19-3
Added Pin To Net: NetName=NetQ17_3 Pin=Q20-1
Added Pin To Net: NetName=NetQ19_2 Pin=Q20-2
Added Pin To Net: NetName=GND Pin=Q20-3
Added Pin To Net: NetName=GND Pin=Q24-3
Added Pin To Net: NetName=GND Pin=Q26-3
Added Pin To Net: NetName=NetQ27_1 Pin=Q27-1
Added Pin To Net: NetName=NetQ27_2 Pin=Q27-2
Added Pin To Net: NetName=GND Pin=Q27-3
Added Pin To Net: NetName=NetQ27_1 Pin=Q29-1
Added Pin To Net: NetName=NetQ27_2 Pin=Q29-2
Added Pin To Net: NetName=VCC Pin=Q29-3
Added Pin To Net: NetName=NetQ31_1 Pin=Q31-1
Added Pin To Net: NetName=GND Pin=Q31-2
Added Pin To Net: NetName=NetQ27_1 Pin=Q31-3
Added Pin To Net: NetName=NetR1_1 Pin=R1-1
Added Pin To Net: NetName=NetQ1_1 Pin=R1-2
Added Pin To Net: NetName=GND Pin=R3-1
Added Pin To Net: NetName=NetQ1_1 Pin=R3-2
Added Pin To Net: NetName=VCC Pin=R5-1
Added Pin To Net: NetName=NetQ1_3 Pin=R5-2
Added Pin To Net: NetName=NetQ3_2 Pin=R8-1
Added Pin To Net: NetName=NetQ7_1 Pin=R8-2
Added Pin To Net: NetName=NetQ9_1 Pin=R10-1
Added Pin To Net: NetName=NetQ11_2 Pin=R10-2
Added Pin To Net: NetName=VCC Pin=R12-1
Added Pin To Net: NetName=NetQ11_1 Pin=R12-2
Added Pin To Net: NetName=GND Pin=R14-1
Added Pin To Net: NetName=NetQ15_1 Pin=R14-2
Added Pin To Net: NetName=NetQ15_1 Pin=R16-1
Added Pin To Net: NetName=NetR16_2 Pin=R16-2
Added Pin To Net: NetName=NetR18_1 Pin=R18-1
Added Pin To Net: NetName=NetQ17_1 Pin=R18-2
Added Pin To Net: NetName=GND Pin=R20-1
Added Pin To Net: NetName=NetQ17_1 Pin=R20-2
Added Pin To Net: NetName=VCC Pin=R22-1
Added Pin To Net: NetName=NetQ17_3 Pin=R22-2
Added Pin To Net: NetName=NetQ19_2 Pin=R25-1
Added Pin To Net: NetName=NetQ23_1 Pin=R25-2
Added Pin To Net: NetName=NetQ25_1 Pin=R27-1
Added Pin To Net: NetName=NetQ27_2 Pin=R27-2
Added Pin To Net: NetName=VCC Pin=R29-1
Added Pin To Net: NetName=NetQ27_1 Pin=R29-2
Added Pin To Net: NetName=GND Pin=R31-1
Added Pin To Net: NetName=NetQ31_1 Pin=R31-2
Added Pin To Net: NetName=NetQ31_1 Pin=R33-1
Added Pin To Net: NetName=NetR33_2 Pin=R33-2
Added Pin To Net: NetName=5V Pin=R35-1
Added Pin To Net: NetName=NetD13_1 Pin=R35-2
